2025-02-15T10:41:35+00:00 CRITICAL Maximum execution time of 120 seconds exceeded CONTEXT: {"error":{"type":1,"file":"G:\wamp64\www\sagotest\wp-includes\Requests\src\Transport\Curl.php","line":533},"remote-logging":true,"backtrace":[{"file":"G:\wamp64\www\sagotest\wp-content\plugins\woocommerce\includes\class-woocommerce.php","line":412,"function":"critical","class":"WC_Logger","type":"->"},{"function":"log_errors","class":"WooCommerce","type":"->"}]}
2025-02-15T16:43:36+00:00 CRITICAL Uncaught ParseError: syntax error, unexpected identifier "s", expecting ")" in G:\wamp64\www\sagotest\wp-content\cache\acorn\framework\views\7435105398be11dce8fbcd2d4f4655cc.php:154 CONTEXT: {"error":{"type":1,"file":"G:\wamp64\www\sagotest\wp-content\cache\acorn\framework\views\7435105398be11dce8fbcd2d4f4655cc.php","line":154},"remote-logging":true,"backtrace":["#0 G:\wamp64\www\sagotest\wp-content\themes\wootech\vendor\illuminate\filesystem\Filesystem.php(124): Illuminate\Filesystem\Filesystem::Illuminate\Filesystem\{closure}()n#1 G:\wamp64\www\sagotest\wp-content\themes\wootech\vendor\illuminate\view\Engines\PhpEngine.php(58): Illuminate\Filesystem\Filesystem->getRequire('G:\\wamp64\\www\\s...', Array)n#2 G:\wamp64\www\sagotest\wp-content\themes\wootech\vendor\illuminate\view\Engines\CompilerEngine.php(72): Illuminate\View\Engines\PhpEngine->evaluatePath('G:\\wamp64\\www\\s...', Array)n#3 G:\wamp64\www\sagotest\wp-content\themes\wootech\vendor\illuminate\view\View.php(207): Illuminate\View\Engines\CompilerEngine->get('G:\\wamp64\\www\\s...', Array)n#4 G:\wamp64\www\sagotest\wp-content\themes\wootech\vendor\illuminate\view\View.php(190): Illuminate\View\View->getContents()n#5 G:\wamp64\www\sagotest\wp-content\themes\wootech\vendor\illuminate\view\View.php(159): Illuminate\View\View->renderContents()n#6 G:\wamp64\www\sagotest\wp-content\themes\wootech\index.php(3): Illuminate\View\View->render()n#7 G:\wamp64\www\sagotest\wp-includes\template-loader.php(106): include('G:\\wamp64\\www\\s...')n#8 G:\wamp64\www\sagotest\wp-blog-header.php(19): require_once('G:\\wamp64\\www\\s...')n#9 G:\wamp64\www\sagotest\index.php(17): require('G:\\wamp64\\www\\s...')n#10 {main}nnNext Illuminate\View\ViewException: syntax error, unexpected identifier "s", expecting ")" (View: G:\wamp64\www\sagotest\wp-content\themes\wootech\resources\views\front-page.blade.php) in G:\wamp64\www\sagotest\wp-content\cache\acorn\framework\views\7435105398be11dce8fbcd2d4f4655cc.php:154"]}
2025-02-15T16:43:39+00:00 CRITICAL Uncaught ParseError: syntax error, unexpected identifier "s", expecting ")" in G:\wamp64\www\sagotest\wp-content\cache\acorn\framework\views\7435105398be11dce8fbcd2d4f4655cc.php:154 CONTEXT: {"error":{"type":1,"file":"G:\wamp64\www\sagotest\wp-content\cache\acorn\framework\views\7435105398be11dce8fbcd2d4f4655cc.php","line":154},"remote-logging":true,"backtrace":["#0 G:\wamp64\www\sagotest\wp-content\themes\wootech\vendor\illuminate\filesystem\Filesystem.php(124): Illuminate\Filesystem\Filesystem::Illuminate\Filesystem\{closure}()n#1 G:\wamp64\www\sagotest\wp-content\themes\wootech\vendor\illuminate\view\Engines\PhpEngine.php(58): Illuminate\Filesystem\Filesystem->getRequire('G:\\wamp64\\www\\s...', Array)n#2 G:\wamp64\www\sagotest\wp-content\themes\wootech\vendor\illuminate\view\Engines\CompilerEngine.php(72): Illuminate\View\Engines\PhpEngine->evaluatePath('G:\\wamp64\\www\\s...', Array)n#3 G:\wamp64\www\sagotest\wp-content\themes\wootech\vendor\illuminate\view\View.php(207): Illuminate\View\Engines\CompilerEngine->get('G:\\wamp64\\www\\s...', Array)n#4 G:\wamp64\www\sagotest\wp-content\themes\wootech\vendor\illuminate\view\View.php(190): Illuminate\View\View->getContents()n#5 G:\wamp64\www\sagotest\wp-content\themes\wootech\vendor\illuminate\view\View.php(159): Illuminate\View\View->renderContents()n#6 G:\wamp64\www\sagotest\wp-content\themes\wootech\index.php(3): Illuminate\View\View->render()n#7 G:\wamp64\www\sagotest\wp-includes\template-loader.php(106): include('G:\\wamp64\\www\\s...')n#8 G:\wamp64\www\sagotest\wp-blog-header.php(19): require_once('G:\\wamp64\\www\\s...')n#9 G:\wamp64\www\sagotest\index.php(17): require('G:\\wamp64\\www\\s...')n#10 {main}nnNext Illuminate\View\ViewException: syntax error, unexpected identifier "s", expecting ")" (View: G:\wamp64\www\sagotest\wp-content\themes\wootech\resources\views\front-page.blade.php) in G:\wamp64\www\sagotest\wp-content\cache\acorn\framework\views\7435105398be11dce8fbcd2d4f4655cc.php:154"]}
2025-02-15T18:17:51+00:00 CRITICAL Uncaught TypeError: ltrim(): Argument #1 ($string) must be of type string, array given in G:\wamp64\www\sagotest\wp-includes\formatting.php:4467 CONTEXT: {"error":{"type":1,"file":"G:\wamp64\www\sagotest\wp-includes\formatting.php","line":4467},"remote-logging":true,"backtrace":["#0 G:\wamp64\www\sagotest\wp-includes\formatting.php(4467): ltrim(Array)n#1 G:\wamp64\www\sagotest\wp-content\cache\acorn\framework\views\7435105398be11dce8fbcd2d4f4655cc.php(218): esc_url(Array)n#2 G:\wamp64\www\sagotest\wp-content\themes\wootech\vendor\illuminate\filesystem\Filesystem.php(123): require('G:\\wamp64\\www\\s...')n#3 G:\wamp64\www\sagotest\wp-content\themes\wootech\vendor\illuminate\filesystem\Filesystem.php(124): Illuminate\Filesystem\Filesystem::Illuminate\Filesystem\{closure}()n#4 G:\wamp64\www\sagotest\wp-content\themes\wootech\vendor\illuminate\view\Engines\PhpEngine.php(58): Illuminate\Filesystem\Filesystem->getRequire('G:\\wamp64\\www\\s...', Array)n#5 G:\wamp64\www\sagotest\wp-content\themes\wootech\vendor\illuminate\view\Engines\CompilerEngine.php(72): Illuminate\View\Engines\PhpEngine->evaluatePath('G:\\wamp64\\www\\s...', Array)n#6 G:\wamp64\www\sagotest\wp-content\themes\wootech\vendor\illuminate\view\View.php(207): Illuminate\View\Engines\CompilerEngine->get('G:\\wamp64\\www\\s...', Array)n#7 G:\wamp64\www\sagotest\wp-content\themes\wootech\vendor\illuminate\view\View.php(190): Illuminate\View\View->getContents()n#8 G:\wamp64\www\sagotest\wp-content\themes\wootech\vendor\illuminate\view\View.php(159): Illuminate\View\View->renderContents()n#9 G:\wamp64\www\sagotest\wp-content\themes\wootech\index.php(3): Illuminate\View\View->render()n#10 G:\wamp64\www\sagotest\wp-includes\template-loader.php(106): include('G:\\wamp64\\www\\s...')n#11 G:\wamp64\www\sagotest\wp-blog-header.php(19): require_once('G:\\wamp64\\www\\s...')n#12 G:\wamp64\www\sagotest\index.php(17): require('G:\\wamp64\\www\\s...')n#13 {main}nnNext Illuminate\View\ViewException: ltrim(): Argument #1 ($string) must be of type string, array given (View: G:\wamp64\www\sagotest\wp-content\themes\wootech\resources\views\front-page.blade.php) in G:\wamp64\www\sagotest\wp-includes\formatting.php:4467"]}
2025-02-15T18:35:03+00:00 CRITICAL Uncaught Error: Call to a member function get_id() on null in G:\wamp64\www\sagotest\wp-content\cache\acorn\framework\views\db9ea352bf6e62f5182cffdaf11bccba.php:165 CONTEXT: {"error":{"type":1,"file":"G:\wamp64\www\sagotest\wp-content\cache\acorn\framework\views\db9ea352bf6e62f5182cffdaf11bccba.php","line":165},"remote-logging":true,"backtrace":["#0 G:\wamp64\www\sagotest\wp-content\themes\wootech\vendor\illuminate\filesystem\Filesystem.php(123): require()n#1 G:\wamp64\www\sagotest\wp-content\themes\wootech\vendor\illuminate\filesystem\Filesystem.php(124): Illuminate\Filesystem\Filesystem::Illuminate\Filesystem\{closure}()n#2 G:\wamp64\www\sagotest\wp-content\themes\wootech\vendor\illuminate\view\Engines\PhpEngine.php(58): Illuminate\Filesystem\Filesystem->getRequire('G:\\wamp64\\www\\s...', Array)n#3 G:\wamp64\www\sagotest\wp-content\themes\wootech\vendor\illuminate\view\Engines\CompilerEngine.php(72): Illuminate\View\Engines\PhpEngine->evaluatePath('G:\\wamp64\\www\\s...', Array)n#4 G:\wamp64\www\sagotest\wp-content\themes\wootech\vendor\illuminate\view\View.php(207): Illuminate\View\Engines\CompilerEngine->get('G:\\wamp64\\www\\s...', Array)n#5 G:\wamp64\www\sagotest\wp-content\themes\wootech\vendor\illuminate\view\View.php(190): Illuminate\View\View->getContents()n#6 G:\wamp64\www\sagotest\wp-content\themes\wootech\vendor\illuminate\view\View.php(159): Illuminate\View\View->renderContents()n#7 G:\wamp64\www\sagotest\wp-content\themes\wootech\index.php(3): Illuminate\View\View->render()n#8 G:\wamp64\www\sagotest\wp-includes\template-loader.php(106): include('G:\\wamp64\\www\\s...')n#9 G:\wamp64\www\sagotest\wp-blog-header.php(19): require_once('G:\\wamp64\\www\\s...')n#10 G:\wamp64\www\sagotest\index.php(17): require('G:\\wamp64\\www\\s...')n#11 {main}nnNext Illuminate\View\ViewException: Call to a member function get_id() on null (View: G:\wamp64\www\sagotest\wp-content\themes\wootech\resources\views\shop.blade.php) in G:\wamp64\www\sagotest\wp-content\cache\acorn\framework\views\db9ea352bf6e62f5182cffdaf11bccba.php:165"]}
2025-02-15T18:35:34+00:00 CRITICAL Uncaught Error: Call to a member function get_id() on null in G:\wamp64\www\sagotest\wp-content\cache\acorn\framework\views\db9ea352bf6e62f5182cffdaf11bccba.php:167 CONTEXT: {"error":{"type":1,"file":"G:\wamp64\www\sagotest\wp-content\cache\acorn\framework\views\db9ea352bf6e62f5182cffdaf11bccba.php","line":167},"remote-logging":true,"backtrace":["#0 G:\wamp64\www\sagotest\wp-content\themes\wootech\vendor\illuminate\filesystem\Filesystem.php(123): require()n#1 G:\wamp64\www\sagotest\wp-content\themes\wootech\vendor\illuminate\filesystem\Filesystem.php(124): Illuminate\Filesystem\Filesystem::Illuminate\Filesystem\{closure}()n#2 G:\wamp64\www\sagotest\wp-content\themes\wootech\vendor\illuminate\view\Engines\PhpEngine.php(58): Illuminate\Filesystem\Filesystem->getRequire('G:\\wamp64\\www\\s...', Array)n#3 G:\wamp64\www\sagotest\wp-content\themes\wootech\vendor\illuminate\view\Engines\CompilerEngine.php(72): Illuminate\View\Engines\PhpEngine->evaluatePath('G:\\wamp64\\www\\s...', Array)n#4 G:\wamp64\www\sagotest\wp-content\themes\wootech\vendor\illuminate\view\View.php(207): Illuminate\View\Engines\CompilerEngine->get('G:\\wamp64\\www\\s...', Array)n#5 G:\wamp64\www\sagotest\wp-content\themes\wootech\vendor\illuminate\view\View.php(190): Illuminate\View\View->getContents()n#6 G:\wamp64\www\sagotest\wp-content\themes\wootech\vendor\illuminate\view\View.php(159): Illuminate\View\View->renderContents()n#7 G:\wamp64\www\sagotest\wp-content\themes\wootech\index.php(3): Illuminate\View\View->render()n#8 G:\wamp64\www\sagotest\wp-includes\template-loader.php(106): include('G:\\wamp64\\www\\s...')n#9 G:\wamp64\www\sagotest\wp-blog-header.php(19): require_once('G:\\wamp64\\www\\s...')n#10 G:\wamp64\www\sagotest\index.php(17): require('G:\\wamp64\\www\\s...')n#11 {main}nnNext Illuminate\View\ViewException: Call to a member function get_id() on null (View: G:\wamp64\www\sagotest\wp-content\themes\wootech\resources\views\shop.blade.php) in G:\wamp64\www\sagotest\wp-content\cache\acorn\framework\views\db9ea352bf6e62f5182cffdaf11bccba.php:167"]}
2025-02-15T18:35:37+00:00 CRITICAL Uncaught Error: Call to a member function get_id() on null in G:\wamp64\www\sagotest\wp-content\cache\acorn\framework\views\db9ea352bf6e62f5182cffdaf11bccba.php:167 CONTEXT: {"error":{"type":1,"file":"G:\wamp64\www\sagotest\wp-content\cache\acorn\framework\views\db9ea352bf6e62f5182cffdaf11bccba.php","line":167},"remote-logging":true,"backtrace":["#0 G:\wamp64\www\sagotest\wp-content\themes\wootech\vendor\illuminate\filesystem\Filesystem.php(123): require()n#1 G:\wamp64\www\sagotest\wp-content\themes\wootech\vendor\illuminate\filesystem\Filesystem.php(124): Illuminate\Filesystem\Filesystem::Illuminate\Filesystem\{closure}()n#2 G:\wamp64\www\sagotest\wp-content\themes\wootech\vendor\illuminate\view\Engines\PhpEngine.php(58): Illuminate\Filesystem\Filesystem->getRequire('G:\\wamp64\\www\\s...', Array)n#3 G:\wamp64\www\sagotest\wp-content\themes\wootech\vendor\illuminate\view\Engines\CompilerEngine.php(72): Illuminate\View\Engines\PhpEngine->evaluatePath('G:\\wamp64\\www\\s...', Array)n#4 G:\wamp64\www\sagotest\wp-content\themes\wootech\vendor\illuminate\view\View.php(207): Illuminate\View\Engines\CompilerEngine->get('G:\\wamp64\\www\\s...', Array)n#5 G:\wamp64\www\sagotest\wp-content\themes\wootech\vendor\illuminate\view\View.php(190): Illuminate\View\View->getContents()n#6 G:\wamp64\www\sagotest\wp-content\themes\wootech\vendor\illuminate\view\View.php(159): Illuminate\View\View->renderContents()n#7 G:\wamp64\www\sagotest\wp-content\themes\wootech\index.php(3): Illuminate\View\View->render()n#8 G:\wamp64\www\sagotest\wp-includes\template-loader.php(106): include('G:\\wamp64\\www\\s...')n#9 G:\wamp64\www\sagotest\wp-blog-header.php(19): require_once('G:\\wamp64\\www\\s...')n#10 G:\wamp64\www\sagotest\index.php(17): require('G:\\wamp64\\www\\s...')n#11 {main}nnNext Illuminate\View\ViewException: Call to a member function get_id() on null (View: G:\wamp64\www\sagotest\wp-content\themes\wootech\resources\views\shop.blade.php) in G:\wamp64\www\sagotest\wp-content\cache\acorn\framework\views\db9ea352bf6e62f5182cffdaf11bccba.php:167"]}
2025-02-15T18:43:09+00:00 CRITICAL Uncaught ParseError: syntax error, unexpected end of file in G:\wamp64\www\sagotest\wp-content\cache\acorn\framework\views\db9ea352bf6e62f5182cffdaf11bccba.php:349 CONTEXT: {"error":{"type":1,"file":"G:\wamp64\www\sagotest\wp-content\cache\acorn\framework\views\db9ea352bf6e62f5182cffdaf11bccba.php","line":349},"remote-logging":true,"backtrace":["#0 G:\wamp64\www\sagotest\wp-content\themes\wootech\vendor\illuminate\filesystem\Filesystem.php(124): Illuminate\Filesystem\Filesystem::Illuminate\Filesystem\{closure}()n#1 G:\wamp64\www\sagotest\wp-content\themes\wootech\vendor\illuminate\view\Engines\PhpEngine.php(58): Illuminate\Filesystem\Filesystem->getRequire('G:\\wamp64\\www\\s...', Array)n#2 G:\wamp64\www\sagotest\wp-content\themes\wootech\vendor\illuminate\view\Engines\CompilerEngine.php(72): Illuminate\View\Engines\PhpEngine->evaluatePath('G:\\wamp64\\www\\s...', Array)n#3 G:\wamp64\www\sagotest\wp-content\themes\wootech\vendor\illuminate\view\View.php(207): Illuminate\View\Engines\CompilerEngine->get('G:\\wamp64\\www\\s...', Array)n#4 G:\wamp64\www\sagotest\wp-content\themes\wootech\vendor\illuminate\view\View.php(190): Illuminate\View\View->getContents()n#5 G:\wamp64\www\sagotest\wp-content\themes\wootech\vendor\illuminate\view\View.php(159): Illuminate\View\View->renderContents()n#6 G:\wamp64\www\sagotest\wp-content\themes\wootech\index.php(3): Illuminate\View\View->render()n#7 G:\wamp64\www\sagotest\wp-includes\template-loader.php(106): include('G:\\wamp64\\www\\s...')n#8 G:\wamp64\www\sagotest\wp-blog-header.php(19): require_once('G:\\wamp64\\www\\s...')n#9 G:\wamp64\www\sagotest\index.php(17): require('G:\\wamp64\\www\\s...')n#10 {main}nnNext Illuminate\View\ViewException: syntax error, unexpected end of file (View: G:\wamp64\www\sagotest\wp-content\themes\wootech\resources\views\shop.blade.php) in G:\wamp64\www\sagotest\wp-content\cache\acorn\framework\views\db9ea352bf6e62f5182cffdaf11bccba.php:349"]}
